<?xml version="1.0" encoding="UTF-8"?>
<testsuite xmlns:xsi="http://www.w3.org/2001/XMLSchema-instance" xsi:noNamespaceSchemaLocation="https://maven.apache.org/surefire/maven-surefire-plugin/xsd/surefire-test-report-3.0.xsd" version="3.0" name="com.app.e_commerce.ECommerceApplicationTests" time="20.407" tests="1" errors="0" skipped="0" failures="0">
  <properties>
[...]
</properties>
  <testcase name="contextLoads" classname="com.app.e_commerce.ECommerceApplicationTests" time="0.968">
    <system-out><![CDATA[10:18:53.991 [main] INFO org.springframework.test.context.support.AnnotationConfigContextLoaderUtils -- Could not detect default configuration classes for test class [com.app.e_commerce.ECommerceApplicationTests]: ECommerceApplicationTests does not declare any static, non-private, non-final, nested classes annotated with @Configuration.
10:18:54.336 [main] INFO org.springframework.boot.test.context.SpringBootTestContextBootstrapper -- Found @SpringBootConfiguration com.app.e_commerce.ECommerceApplication for test class com.app.e_commerce.ECommerceApplicationTests
10:18:54.877 [main] INFO org.springframework.boot.devtools.restart.RestartApplicationListener -- Restart disabled due to context in which it is running

  .   ____          _            __ _ _
 /\\ / ___'_ __ _ _(_)_ __  __ _ \ \ \ \
( ( )\___ | '_ | '_| | '_ \/ _` | \ \ \ \
 \\/  ___)| |_)| | | | | || (_| |  ) ) ) )
  '  |____| .__|_| |_|_| |_\__, | / / / /
 =========|_|==============|___/=/_/_/_/

 :: Spring Boot ::                (v3.3.2)

2025-05-27T10:18:55.649+07:00  INFO 9988 --- [           main] c.a.e.ECommerceApplicationTests          : Starting ECommerceApplicationTests using Java 21.0.6 with PID 9988 (started by Admin in F:\Java\e-commerce)
2025-05-27T10:18:55.652+07:00  INFO 9988 --- [           main] c.a.e.ECommerceApplicationTests          : No active profile set, falling back to 1 default profile: "default"
2025-05-27T10:18:57.898+07:00  INFO 9988 --- [           main] .s.d.r.c.RepositoryConfigurationDelegate : Bootstrapping Spring Data JPA repositories in DEFAULT mode.
2025-05-27T10:18:58.148+07:00  INFO 9988 --- [           main] .s.d.r.c.RepositoryConfigurationDelegate : Finished Spring Data repository scanning in 227 ms. Found 11 JPA repository interfaces.
2025-05-27T10:18:59.549+07:00  INFO 9988 --- [           main] o.hibernate.jpa.internal.util.LogHelper  : HHH000204: Processing PersistenceUnitInfo [name: default]
2025-05-27T10:18:59.751+07:00  INFO 9988 --- [           main] org.hibernate.Version                    : HHH000412: Hibernate ORM core version 6.5.2.Final
2025-05-27T10:18:59.850+07:00  INFO 9988 --- [           main] o.h.c.internal.RegionFactoryInitiator    : HHH000026: Second-level cache disabled
2025-05-27T10:19:01.156+07:00  INFO 9988 --- [           main] o.s.o.j.p.SpringPersistenceUnitInfo      : No LoadTimeWeaver setup: ignoring JPA class transformer
2025-05-27T10:19:01.298+07:00  INFO 9988 --- [           main] com.zaxxer.hikari.HikariDataSource       : HikariPool-1 - Starting...
2025-05-27T10:19:02.967+07:00  INFO 9988 --- [           main] com.zaxxer.hikari.pool.HikariPool        : HikariPool-1 - Added connection org.postgresql.jdbc.PgConnection@11ad095c
2025-05-27T10:19:02.970+07:00  INFO 9988 --- [           main] com.zaxxer.hikari.HikariDataSource       : HikariPool-1 - Start completed.
2025-05-27T10:19:03.157+07:00  WARN 9988 --- [           main] org.hibernate.orm.deprecation            : HHH90000025: PostgreSQLDialect does not need to be specified explicitly using 'hibernate.dialect' (remove the property setting and it will be selected by default)
2025-05-27T10:19:07.188+07:00  INFO 9988 --- [           main] o.h.e.t.j.p.i.JtaPlatformInitiator       : HHH000489: No JTA platform available (set 'hibernate.transaction.jta.platform' to enable JTA platform integration)
2025-05-27T10:19:07.579+07:00  INFO 9988 --- [           main] j.LocalContainerEntityManagerFactoryBean : Initialized JPA EntityManagerFactory for persistence unit 'default'
2025-05-27T10:19:08.507+07:00  INFO 9988 --- [           main] o.s.d.j.r.query.QueryEnhancerFactory     : Hibernate is in classpath; If applicable, HQL parser will be used.
2025-05-27T10:19:10.402+07:00  WARN 9988 --- [           main] JpaBaseConfiguration$JpaWebConfiguration : spring.jpa.open-in-view is enabled by default. Therefore, database queries may be performed during view rendering. Explicitly configure spring.jpa.open-in-view to disable this warning
2025-05-27T10:19:10.564+07:00  INFO 9988 --- [           main] r$InitializeUserDetailsManagerConfigurer : Global AuthenticationManager configured with UserDetailsService bean with name userDetailsServiceImpl
2025-05-27T10:19:12.222+07:00  INFO 9988 --- [           main] o.s.m.s.b.SimpleBrokerMessageHandler     : Starting...
2025-05-27T10:19:12.224+07:00  INFO 9988 --- [           main] o.s.m.s.b.SimpleBrokerMessageHandler     : BrokerAvailabilityEvent[available=true, SimpleBrokerMessageHandler [org.springframework.messaging.simp.broker.DefaultSubscriptionRegistry@7ce2bfb]]
2025-05-27T10:19:12.228+07:00  INFO 9988 --- [           main] o.s.m.s.b.SimpleBrokerMessageHandler     : Started.
2025-05-27T10:19:12.250+07:00  INFO 9988 --- [           main] c.a.e.ECommerceApplicationTests          : Started ECommerceApplicationTests in 17.417 seconds (process running for 22.237)
]]></system-out>
    <system-err><![CDATA[WARNING: A Java agent has been loaded dynamically (C:\Users\Admin\.m2\repository\net\bytebuddy\byte-buddy-agent\1.14.18\byte-buddy-agent-1.14.18.jar)
WARNING: If a serviceability tool is in use, please run with -XX:+EnableDynamicAgentLoading to hide this warning
WARNING: If a serviceability tool is not in use, please run with -Djdk.instrument.traceUsage for more information
WARNING: Dynamic loading of agents will be disallowed by default in a future release
]]></system-err>
  </testcase>
</testsuite>